app/build/intermediates/manifest_merge_blame_file/debug/manifest-merger-blame-debug-report.txt
1<?xml version="1.0" encoding="utf-8"?>
2<manifest xmlns:android="http://schemas.android.com/apk/res/android"
3    package="com.reelixy.videoplayer"
4    android:versionCode="100"
5    android:versionName="1.0.0" >
6
7    <uses-sdk
8        android:minSdkVersion="23"
8-->src/main/AndroidManifest.xml
9        android:targetSdkVersion="33" />
9-->src/main/AndroidManifest.xml
10
11    <!-- Media access permissions, version-aware -->
12    <uses-permission
12-->src/main/AndroidManifest.xml:6:5-7:38
13        android:name="android.permission.READ_EXTERNAL_STORAGE"
13-->src/main/AndroidManifest.xml:6:22-77
14        android:maxSdkVersion="32" />
14-->src/main/AndroidManifest.xml:7:9-35
15    <uses-permission android:name="android.permission.READ_MEDIA_VIDEO" />
15-->src/main/AndroidManifest.xml:8:5-75
15-->src/main/AndroidManifest.xml:8:22-72
16    <uses-permission android:name="android.permission.WAKE_LOCK" />
16-->src/main/AndroidManifest.xml:9:5-68
16-->src/main/AndroidManifest.xml:9:22-65
17    <uses-permission android:name="android.permission.FOREGROUND_SERVICE" />
17-->src/main/AndroidManifest.xml:10:5-77
17-->src/main/AndroidManifest.xml:10:22-74
18    <uses-permission
18-->src/main/AndroidManifest.xml:11:5-108
19        android:name="android.permission.WRITE_EXTERNAL_STORAGE"
19-->src/main/AndroidManifest.xml:11:22-78
20        android:maxSdkVersion="28" />
20-->src/main/AndroidManifest.xml:11:79-105
21
22    <queries>
22-->[com.itsaky.androidide:logsender:2.7.1-beta] AndroidManifest.xml:23:5-25:15
23        <package android:name="com.itsaky.androidide" />
23-->[com.itsaky.androidide:logsender:2.7.1-beta] AndroidManifest.xml:24:9-57
23-->[com.itsaky.androidide:logsender:2.7.1-beta] AndroidManifest.xml:24:18-54
24    </queries>
25
26    <uses-permission android:name="android.permission.INTERNET" />
26-->[com.itsaky.androidide:logsender:2.7.1-beta] AndroidManifest.xml:27:5-67
26-->[com.itsaky.androidide:logsender:2.7.1-beta] AndroidManifest.xml:27:22-64
27    <uses-permission android:name="com.itsaky.androidide.permission.BIND_LOG_SERVICE" />
27-->[com.itsaky.androidide:logsender:2.7.1-beta] AndroidManifest.xml:28:5-89
27-->[com.itsaky.androidide:logsender:2.7.1-beta] AndroidManifest.xml:28:22-86
28    <uses-permission android:name="android.permission.ACCESS_NETWORK_STATE" />
28-->[androidx.media3:media3-exoplayer:1.1.1] AndroidManifest.xml:24:5-79
28-->[androidx.media3:media3-exoplayer:1.1.1] AndroidManifest.xml:24:22-76
29
30    <permission
30-->[androidx.core:core:1.10.1] AndroidManifest.xml:22:5-24:47
31        android:name="com.reelixy.videoplayer.DYNAMIC_RECEIVER_NOT_EXPORTED_PERMISSION"
31-->[androidx.core:core:1.10.1] AndroidManifest.xml:23:9-81
32        android:protectionLevel="signature" />
32-->[androidx.core:core:1.10.1] AndroidManifest.xml:24:9-44
33
34    <uses-permission android:name="com.reelixy.videoplayer.DYNAMIC_RECEIVER_NOT_EXPORTED_PERMISSION" />
34-->[androidx.core:core:1.10.1] AndroidManifest.xml:26:5-97
34-->[androidx.core:core:1.10.1] AndroidManifest.xml:26:22-94
35
36    <application
36-->src/main/AndroidManifest.xml:13:5-65:19
37        android:name="com.reelixy.videoplayer.VideoPlayerApp"
37-->src/main/AndroidManifest.xml:14:9-39
38        android:allowBackup="true"
38-->src/main/AndroidManifest.xml:15:9-35
39        android:appComponentFactory="androidx.core.app.CoreComponentFactory"
39-->[androidx.core:core:1.10.1] AndroidManifest.xml:28:18-86
40        android:debuggable="true"
41        android:extractNativeLibs="false"
42        android:hardwareAccelerated="true"
42-->src/main/AndroidManifest.xml:21:9-43
43        android:icon="@drawable/ic_launcher"
43-->src/main/AndroidManifest.xml:16:9-45
44        android:label="@string/app_name"
44-->src/main/AndroidManifest.xml:17:9-41
45        android:roundIcon="@drawable/ic_launcher"
45-->src/main/AndroidManifest.xml:18:9-50
46        android:supportsRtl="true"
46-->src/main/AndroidManifest.xml:19:9-35
47        android:theme="@style/Theme.VideoPlayer" >
47-->src/main/AndroidManifest.xml:20:9-49
48        <activity
48-->src/main/AndroidManifest.xml:24:9-32:20
49            android:name="com.reelixy.videoplayer.activities.MainActivity"
49-->src/main/AndroidManifest.xml:25:13-52
50            android:exported="true"
50-->src/main/AndroidManifest.xml:26:13-36
51            android:theme="@style/Theme.VideoPlayer" >
51-->src/main/AndroidManifest.xml:27:13-53
52            <intent-filter>
52-->src/main/AndroidManifest.xml:28:13-31:29
53                <action android:name="android.intent.action.MAIN" />
53-->src/main/AndroidManifest.xml:29:17-69
53-->src/main/AndroidManifest.xml:29:25-66
54
55                <category android:name="android.intent.category.LAUNCHER" />
55-->src/main/AndroidManifest.xml:30:17-77
55-->src/main/AndroidManifest.xml:30:27-74
56            </intent-filter>
57        </activity>
58        <activity
58-->src/main/AndroidManifest.xml:34:9-41:63
59            android:name="com.reelixy.videoplayer.activities.PlayerActivity"
59-->src/main/AndroidManifest.xml:35:13-54
60            android:configChanges="orientation|screenSize|screenLayout|keyboardHidden|smallestScreenSize|uiMode"
60-->src/main/AndroidManifest.xml:37:13-113
61            android:exported="false"
61-->src/main/AndroidManifest.xml:36:13-37
62            android:launchMode="singleTask"
62-->src/main/AndroidManifest.xml:38:13-44
63            android:resizeableActivity="true"
63-->src/main/AndroidManifest.xml:39:13-46
64            android:supportsPictureInPicture="true"
64-->src/main/AndroidManifest.xml:40:13-52
65            android:theme="@style/Theme.VideoPlayer.Player" />
65-->src/main/AndroidManifest.xml:41:13-60
66        <activity
66-->src/main/AndroidManifest.xml:43:9-47:56
67            android:name="com.reelixy.videoplayer.activities.LibraryActivity"
67-->src/main/AndroidManifest.xml:44:13-55
68            android:exported="false"
68-->src/main/AndroidManifest.xml:45:13-37
69            android:label="Library"
69-->src/main/AndroidManifest.xml:46:13-36
70            android:theme="@style/Theme.VideoPlayer" />
70-->src/main/AndroidManifest.xml:47:13-53
71        <activity
71-->src/main/AndroidManifest.xml:49:9-53:56
72            android:name="com.reelixy.videoplayer.activities.SettingsActivity"
72-->src/main/AndroidManifest.xml:50:13-56
73            android:exported="false"
73-->src/main/AndroidManifest.xml:51:13-37
74            android:label="@string/settings"
74-->src/main/AndroidManifest.xml:52:13-45
75            android:theme="@style/Theme.VideoPlayer" />
75-->src/main/AndroidManifest.xml:53:13-53
76        <activity
76-->src/main/AndroidManifest.xml:55:9-58:56
77            android:name="com.reelixy.videoplayer.activities.SearchActivity"
77-->src/main/AndroidManifest.xml:56:13-54
78            android:exported="false"
78-->src/main/AndroidManifest.xml:57:13-37
79            android:theme="@style/Theme.VideoPlayer" />
79-->src/main/AndroidManifest.xml:58:13-53
80        <activity
80-->src/main/AndroidManifest.xml:60:9-63:56
81            android:name="com.reelixy.videoplayer.activities.PlaylistDetailActivity"
81-->src/main/AndroidManifest.xml:61:13-62
82            android:exported="false"
82-->src/main/AndroidManifest.xml:62:13-37
83            android:theme="@style/Theme.VideoPlayer" />
83-->src/main/AndroidManifest.xml:63:13-53
84
85        <provider
85-->[com.itsaky.androidide:logsender:2.7.1-beta] AndroidManifest.xml:32:9-36:40
86            android:name="com.itsaky.androidide.logsender.utils.LogSenderInstaller"
86-->[com.itsaky.androidide:logsender:2.7.1-beta] AndroidManifest.xml:33:13-84
87            android:authorities="com.reelixy.videoplayer.logsender-installer"
87-->[com.itsaky.androidide:logsender:2.7.1-beta] AndroidManifest.xml:34:13-71
88            android:enabled="@bool/logsender_enabled"
88-->[com.itsaky.androidide:logsender:2.7.1-beta] AndroidManifest.xml:35:13-54
89            android:exported="false" />
89-->[com.itsaky.androidide:logsender:2.7.1-beta] AndroidManifest.xml:36:13-37
90
91        <service
91-->[com.itsaky.androidide:logsender:2.7.1-beta] AndroidManifest.xml:38:9-41:56
92            android:name="com.itsaky.androidide.logsender.LogSenderService"
92-->[com.itsaky.androidide:logsender:2.7.1-beta] AndroidManifest.xml:39:13-76
93            android:exported="false"
93-->[com.itsaky.androidide:logsender:2.7.1-beta] AndroidManifest.xml:40:13-37
94            android:foregroundServiceType="dataSync" />
94-->[com.itsaky.androidide:logsender:2.7.1-beta] AndroidManifest.xml:41:13-53
95
96        <provider
96-->[androidx.emoji2:emoji2:1.2.0] AndroidManifest.xml:24:9-32:20
97            android:name="androidx.startup.InitializationProvider"
97-->[androidx.emoji2:emoji2:1.2.0] AndroidManifest.xml:25:13-67
98            android:authorities="com.reelixy.videoplayer.androidx-startup"
98-->[androidx.emoji2:emoji2:1.2.0] AndroidManifest.xml:26:13-68
99            android:exported="false" >
99-->[androidx.emoji2:emoji2:1.2.0] AndroidManifest.xml:27:13-37
100            <meta-data
100-->[androidx.emoji2:emoji2:1.2.0] AndroidManifest.xml:29:13-31:52
101                android:name="androidx.emoji2.text.EmojiCompatInitializer"
101-->[androidx.emoji2:emoji2:1.2.0] AndroidManifest.xml:30:17-75
102                android:value="androidx.startup" />
102-->[androidx.emoji2:emoji2:1.2.0] AndroidManifest.xml:31:17-49
103            <meta-data
103-->[androidx.lifecycle:lifecycle-process:2.6.1] AndroidManifest.xml:29:13-31:52
104                android:name="androidx.lifecycle.ProcessLifecycleInitializer"
104-->[androidx.lifecycle:lifecycle-process:2.6.1] AndroidManifest.xml:30:17-78
105                android:value="androidx.startup" />
105-->[androidx.lifecycle:lifecycle-process:2.6.1] AndroidManifest.xml:31:17-49
106            <meta-data
106-->[androidx.profileinstaller:profileinstaller:1.3.0] AndroidManifest.xml:29:13-31:52
107                android:name="androidx.profileinstaller.ProfileInstallerInitializer"
107-->[androidx.profileinstaller:profileinstaller:1.3.0] AndroidManifest.xml:30:17-85
108                android:value="androidx.startup" />
108-->[androidx.profileinstaller:profileinstaller:1.3.0] AndroidManifest.xml:31:17-49
109        </provider>
110
111        <receiver
111-->[androidx.profileinstaller:profileinstaller:1.3.0] AndroidManifest.xml:34:9-52:20
112            android:name="androidx.profileinstaller.ProfileInstallReceiver"
112-->[androidx.profileinstaller:profileinstaller:1.3.0] AndroidManifest.xml:35:13-76
113            android:directBootAware="false"
113-->[androidx.profileinstaller:profileinstaller:1.3.0] AndroidManifest.xml:36:13-44
114            android:enabled="true"
114-->[androidx.profileinstaller:profileinstaller:1.3.0] AndroidManifest.xml:37:13-35
115            android:exported="true"
115-->[androidx.profileinstaller:profileinstaller:1.3.0] AndroidManifest.xml:38:13-36
116            android:permission="android.permission.DUMP" >
116-->[androidx.profileinstaller:profileinstaller:1.3.0] AndroidManifest.xml:39:13-57
117            <intent-filter>
117-->[androidx.profileinstaller:profileinstaller:1.3.0] AndroidManifest.xml:40:13-42:29
118                <action android:name="androidx.profileinstaller.action.INSTALL_PROFILE" />
118-->[androidx.profileinstaller:profileinstaller:1.3.0] AndroidManifest.xml:41:17-91
118-->[androidx.profileinstaller:profileinstaller:1.3.0] AndroidManifest.xml:41:25-88
119            </intent-filter>
120            <intent-filter>
120-->[androidx.profileinstaller:profileinstaller:1.3.0] AndroidManifest.xml:43:13-45:29
121                <action android:name="androidx.profileinstaller.action.SKIP_FILE" />
121-->[androidx.profileinstaller:profileinstaller:1.3.0] AndroidManifest.xml:44:17-85
121-->[androidx.profileinstaller:profileinstaller:1.3.0] AndroidManifest.xml:44:25-82
122            </intent-filter>
123            <intent-filter>
123-->[androidx.profileinstaller:profileinstaller:1.3.0] AndroidManifest.xml:46:13-48:29
124                <action android:name="androidx.profileinstaller.action.SAVE_PROFILE" />
124-->[androidx.profileinstaller:profileinstaller:1.3.0] AndroidManifest.xml:47:17-88
124-->[androidx.profileinstaller:profileinstaller:1.3.0] AndroidManifest.xml:47:25-85
125            </intent-filter>
126            <intent-filter>
126-->[androidx.profileinstaller:profileinstaller:1.3.0] AndroidManifest.xml:49:13-51:29
127                <action android:name="androidx.profileinstaller.action.BENCHMARK_OPERATION" />
127-->[androidx.profileinstaller:profileinstaller:1.3.0] AndroidManifest.xml:50:17-95
127-->[androidx.profileinstaller:profileinstaller:1.3.0] AndroidManifest.xml:50:25-92
128            </intent-filter>
129        </receiver>
130    </application>
131
132</manifest>